<?xml version="1.0" encoding="UTF-8"?>
<!-- Generated by org.testng.reporters.JUnitReportReporter -->
<testsuite skipped="0" hostname="DESKTOP-IHQNMNU" name="com.crm.testcases.CreateorgTest" tests="2" failures="0" timestamp="2022-03-23T14:44:03 IST" time="0.002" errors="0">
  <testcase name="ConsumedDemoTest" time="0.001" classname="com.crm.testcases.CreateorgTest"/>
  <system-out/>
  <testcase name="CreateListTest" time="0.001" classname="com.crm.testcases.CreateorgTest"/>
  <system-out/>
</testsuite> <!-- com.crm.testcases.CreateorgTest -->
