<?xml version="1.0" encoding="UTF-8"?>
<!-- Generated by org.testng.reporters.JUnitReportReporter -->
<testsuite skipped="0" hostname="DESKTOP-IHQNMNU" name="com.crm.testcases.PassParameterFromCmdTest" tests="1" failures="0" timestamp="2022-03-23T14:44:03 IST" time="0.000" errors="0">
  <testcase name="Data" time="0.000" classname="com.crm.testcases.PassParameterFromCmdTest"/>
  <system-out/>
</testsuite> <!-- com.crm.testcases.PassParameterFromCmdTest -->
