<?xml version="1.0" encoding="UTF-8"?>
<!-- Generated by org.testng.reporters.JUnitReportReporter -->
<testsuite skipped="0" hostname="DESKTOP-IHQNMNU" name="com.crm.testcases.PassParameterFromEclipseTest" tests="1" failures="0" timestamp="2022-03-23T14:46:22 IST" time="11.405" errors="0">
  <testcase name="Login" time="11.405" classname="com.crm.testcases.PassParameterFromEclipseTest"/>
  <system-out/>
</testsuite> <!-- com.crm.testcases.PassParameterFromEclipseTest -->
