<?xml version="1.0" encoding="UTF-8"?>
<!-- Generated by org.testng.reporters.JUnitReportReporter -->
<testsuite skipped="0" hostname="DESKTOP-IHQNMNU" name="com.crm.testcases.CreateCampaignTest" tests="2" failures="0" timestamp="2022-03-23T14:44:03 IST" time="0.006" errors="0">
  <testcase name="ConsumedTest" time="0.006" classname="com.crm.testcases.CreateCampaignTest"/>
  <system-out/>
  <testcase name="CreateCampTest" time="0.000" classname="com.crm.testcases.CreateCampaignTest"/>
  <system-out/>
</testsuite> <!-- com.crm.testcases.CreateCampaignTest -->
