<?xml version="1.0" encoding="UTF-8"?>
<!-- Generated by org.testng.reporters.JUnitReportReporter -->
<testsuite hostname="DESKTOP-IHQNMNU" failures="0" tests="1" name="com.crm.testcases.PassParameterFromEclipseTest" time="9.765" errors="0" timestamp="2022-03-23T14:33:13 IST" skipped="0">
  <testcase classname="com.crm.testcases.PassParameterFromEclipseTest" name="Login" time="9.765"/>
  <system-out/>
</testsuite> <!-- com.crm.testcases.PassParameterFromEclipseTest -->
